********************************************************************************
PACKAGE-LOG: 2015-07-28 16:53:57
NOTICE: Do NOT post to public sites or forums 
********************************************************************************
VERSION:	0.5.22
WORDPRESS:	4.2.2
PHP INFO:	5.6.8 | SAPI: apache2handler
SERVER:		Apache/2.4.12 (Win32) OpenSSL/1.0.1l PHP/5.6.8 
PHP TIME LIMIT: (0) no time limit imposed 
PHP MAX MEMORY: 5000M (128M default) 
MEMORY STACK: 26.5MB 

********************************************************************************
DATABASE:
********************************************************************************
BUILD MODE:   PHP (query limit - 100)
MYSQLDUMP:    Is Supported
MYSQLTIMEOUT: 5000 
TABLES: total:27 | filtered:0 | create:27 
FILTERED: [] 
SQL CREATED: 20150728_intranetsequencial_55b7b2fb98e885305150728165107_database.sql 
SQL FILE SIZE: 908.15KB 
SQL FILE TIME: 2015-07-28 16:53:58 
SQL RUNTIME: 1.08 sec. 

******************************************************************************** 
ARCHIVE (ZIP): 
******************************************************************************** 
ARCHIVE DIR:  C:/xampp/htdocs/intranet 
ARCHIVE FILE: 20150728_intranetsequencial_55b7b2fb98e885305150728165107_archive.zip 
FILTERS: *OFF* 
DIRS:  not set 
EXTS:  not set 
---------------------------------------- 
COMPRESSING 
SIZE:	106.89MB 
STATS:	Dirs 630 | Files 10,250 | Links 0 
SQL ADDED: 20150728_intranetsequencial_55b7b2fb98e885305150728165107_database.sql 
ZipArchive Object
(
    [status] => 0
    [statusSys] => 0
    [numFiles] => 10880
    [filename] => C:\xampp\htdocs\intranet\wp-snapshots\tmp\20150728_intranetsequencial_55b7b2fb98e885305150728165107_archive.zip
    [comment] => 
)
 
COMPRESSION RESULT: '1' 
COMPRESSED SIZE: 81.62MB 
ARCHIVE RUNTIME: 329.79 sec. 
MEMORY STACK: 29.5MB 

******************************************************************************** 
MAKE INSTALLER: 
******************************************************************************** 
Build Start 
Build Finished 
Preping for use 
Template parsed with new data 
Complete [C:/xampp/htdocs/intranet/wp-snapshots/tmp/20150728_intranetsequencial_55b7b2fb98e885305150728165107_installer.php] 
Added to archive 

******************************************************************************** 
INTEGRITY CHECKS: 
******************************************************************************** 
SQL File: 908.15KB 
Installer File: 318KB 
Archive File: 81.62MB  

********************************************************************************
RECORD ID:[1]
TOTAL PROCESS RUNTIME: 350.54 sec.
PEAK PHP MEMORY USED: 31.5MB
DONE PROCESSING => 20150728_intranetsequencial 2015-07-28 16:59:48
 
